# JRE version: Java(TM) SE Runtime Environment (17.0.8+9) (build 17.0.8+9-LTS-211)
# Java VM: Java HotSpot(TM) 64-Bit Server VM (17.0.8+9-LTS-211, mixed mode, sharing, tiered, compressed oops, compressed class ptrs, g1 gc, windows-amd64)
GC Precious Log:
 CPUs: 12 total, 12 available
 Memory: 7970M
 Large Page Support: Disabled
 NUMA Support: Disabled
 Compressed Oops: Enabled (32-bit)
 Heap Region Size: 1M
 Heap Min Capacity: 8M
 Heap Initial Capacity: 126M
 Heap Max Capacity: 1994M
 Pre-touch: Disabled
 Parallel Workers: 10
 Concurrent Workers: 3
 Concurrent Refinement Workers: 10
 Periodic GC: Disabled
Heap:
 garbage-first heap   total 270336K, used 181234K [0x0000000083600000, 0x0000000100000000)
  region size 1024K, 18 young (18432K), 1 survivors (1024K)
 Metaspace       used 100194K, committed 101056K, reserved 1179648K
  class space    used 13162K, committed 13568K, reserved 1048576K
GC Heap History (20 events):
Event: 142.765 GC heap before
{Heap before GC invocations=52 (full 0):
 garbage-first heap   total 158720K, used 75976K [0x0000000083600000, 0x0000000100000000)
  region size 1024K, 5 young (5120K), 3 survivors (3072K)
 Metaspace       used 95442K, committed 96192K, reserved 1179648K
  class space    used 12666K, committed 12992K, reserved 1048576K
}
Event: 142.770 GC heap after
{Heap after GC invocations=53 (full 0):
 garbage-first heap   total 158720K, used 74848K [0x0000000083600000, 0x0000000100000000)
  region size 1024K, 3 young (3072K), 3 survivors (3072K)
 Metaspace       used 95442K, committed 96192K, reserved 1179648K
  class space    used 12666K, committed 12992K, reserved 1048576K
}
Event: 157.868 GC heap before
{Heap before GC invocations=54 (full 0):
 garbage-first heap   total 158720K, used 148576K [0x0000000083600000, 0x0000000100000000)
  region size 1024K, 42 young (43008K), 3 survivors (3072K)
 Metaspace       used 97844K, committed 98560K, reserved 1179648K
  class space    used 13057K, committed 13376K, reserved 1048576K
}
Event: 157.873 GC heap after
{Heap after GC invocations=55 (full 0):
 garbage-first heap   total 158720K, used 113241K [0x0000000083600000, 0x0000000100000000)
  region size 1024K, 5 young (5120K), 5 survivors (5120K)
 Metaspace       used 97844K, committed 98560K, reserved 1179648K
  class space    used 13057K, committed 13376K, reserved 1048576K
}
Event: 157.890 GC heap before
{Heap before GC invocations=55 (full 0):
 garbage-first heap   total 158720K, used 115289K [0x0000000083600000, 0x0000000100000000)
  region size 1024K, 7 young (7168K), 5 survivors (5120K)
 Metaspace       used 97855K, committed 98560K, reserved 1179648K
  class space    used 13057K, committed 13376K, reserved 1048576K
}
Event: 157.917 GC heap after
{Heap after GC invocations=56 (full 0):
 garbage-first heap   total 158720K, used 113018K [0x0000000083600000, 0x0000000100000000)
  region size 1024K, 1 young (1024K), 1 survivors (1024K)
 Metaspace       used 97855K, committed 98560K, reserved 1179648K
  class space    used 13057K, committed 13376K, reserved 1048576K
}
Event: 186.159 GC heap before
{Heap before GC invocations=56 (full 0):
 garbage-first heap   total 158720K, used 136570K [0x0000000083600000, 0x0000000100000000)
  region size 1024K, 24 young (24576K), 1 survivors (1024K)
 Metaspace       used 99021K, committed 99776K, reserved 1179648K
  class space    used 13139K, committed 13504K, reserved 1048576K
}
Event: 186.231 GC heap after
{Heap after GC invocations=57 (full 0):
 garbage-first heap   total 158720K, used 113003K [0x0000000083600000, 0x0000000100000000)
  region size 1024K, 1 young (1024K), 1 survivors (1024K)
 Metaspace       used 99021K, committed 99776K, reserved 1179648K
  class space    used 13139K, committed 13504K, reserved 1048576K
}
Event: 219.350 GC heap before
{Heap before GC invocations=58 (full 0):
 garbage-first heap   total 191488K, used 136555K [0x0000000083600000, 0x0000000100000000)
  region size 1024K, 25 young (25600K), 1 survivors (1024K)
 Metaspace       used 99165K, committed 99968K, reserved 1179648K
  class space    used 13140K, committed 13504K, reserved 1048576K
}
Event: 219.529 GC heap after
{Heap after GC invocations=59 (full 0):
 garbage-first heap   total 191488K, used 113078K [0x0000000083600000, 0x0000000100000000)
  region size 1024K, 1 young (1024K), 1 survivors (1024K)
 Metaspace       used 99165K, committed 99968K, reserved 1179648K
  class space    used 13140K, committed 13504K, reserved 1048576K
}
Event: 220.947 GC heap before
{Heap before GC invocations=59 (full 0):
 garbage-first heap   total 191488K, used 121270K [0x0000000083600000, 0x0000000100000000)
  region size 1024K, 9 young (9216K), 1 survivors (1024K)
 Metaspace       used 99351K, committed 100160K, reserved 1179648K
  class space    used 13141K, committed 13504K, reserved 1048576K
}
Event: 220.961 GC heap after
{Heap after GC invocations=60 (full 0):
 garbage-first heap   total 191488K, used 112458K [0x0000000083600000, 0x0000000100000000)
  region size 1024K, 1 young (1024K), 1 survivors (1024K)
 Metaspace       used 99351K, committed 100160K, reserved 1179648K
  class space    used 13141K, committed 13504K, reserved 1048576K
}
Event: 229.869 GC heap before
{Heap before GC invocations=60 (full 0):
 garbage-first heap   total 191488K, used 126794K [0x0000000083600000, 0x0000000100000000)
  region size 1024K, 16 young (16384K), 1 survivors (1024K)
 Metaspace       used 99616K, committed 100416K, reserved 1179648K
  class space    used 13149K, committed 13504K, reserved 1048576K
}
Event: 229.890 GC heap after
{Heap after GC invocations=61 (full 0):
 garbage-first heap   total 191488K, used 112887K [0x0000000083600000, 0x0000000100000000)
  region size 1024K, 1 young (1024K), 1 survivors (1024K)
 Metaspace       used 99616K, committed 100416K, reserved 1179648K
  class space    used 13149K, committed 13504K, reserved 1048576K
}
Event: 299.946 GC heap before
{Heap before GC invocations=62 (full 0):
 garbage-first heap   total 217088K, used 210167K [0x0000000083600000, 0x0000000100000000)
  region size 1024K, 52 young (53248K), 1 survivors (1024K)
 Metaspace       used 100010K, committed 100800K, reserved 1179648K
  class space    used 13150K, committed 13568K, reserved 1048576K
}
Event: 299.987 GC heap after
{Heap after GC invocations=63 (full 0):
 garbage-first heap   total 217088K, used 160407K [0x0000000083600000, 0x0000000100000000)
  region size 1024K, 3 young (3072K), 3 survivors (3072K)
 Metaspace       used 100010K, committed 100800K, reserved 1179648K
  class space    used 13150K, committed 13568K, reserved 1048576K
}
Event: 319.845 GC heap before
{Heap before GC invocations=63 (full 0):
 garbage-first heap   total 217088K, used 167575K [0x0000000083600000, 0x0000000100000000)
  region size 1024K, 10 young (10240K), 3 survivors (3072K)
 Metaspace       used 100026K, committed 100928K, reserved 1179648K
  class space    used 13151K, committed 13568K, reserved 1048576K
}
Event: 319.920 GC heap after
{Heap after GC invocations=64 (full 0):
 garbage-first heap   total 217088K, used 159925K [0x0000000083600000, 0x0000000100000000)
  region size 1024K, 1 young (1024K), 1 survivors (1024K)
 Metaspace       used 100026K, committed 100928K, reserved 1179648K
  class space    used 13151K, committed 13568K, reserved 1048576K
}
Event: 410.614 GC heap before
{Heap before GC invocations=64 (full 0):
 garbage-first heap   total 217088K, used 190645K [0x0000000083600000, 0x0000000100000000)
  region size 1024K, 31 young (31744K), 1 survivors (1024K)
 Metaspace       used 100078K, committed 100928K, reserved 1179648K
  class space    used 13161K, committed 13568K, reserved 1048576K
}
Event: 410.731 GC heap after
{Heap after GC invocations=65 (full 0):
 garbage-first heap   total 217088K, used 159730K [0x0000000083600000, 0x0000000100000000)
  region size 1024K, 1 young (1024K), 1 survivors (1024K)
 Metaspace       used 100078K, committed 100928K, reserved 1179648K
  class space    used 13161K, committed 13568K, reserved 1048576K
}

